<?xml version="1.0" encoding="UTF-8"?>
<testng-results ignored="0" total="1" passed="1" failed="0" skipped="0">
  <reporter-output>
  </reporter-output>
  <suite started-at="2023-07-20T23:17:42 BDT" name="Default suite" finished-at="2023-07-20T23:18:03 BDT" duration-ms="20874">
    <groups>
    </groups>
    <test started-at="2023-07-20T23:17:42 BDT" name="Default test" finished-at="2023-07-20T23:18:03 BDT" duration-ms="20874">
      <class name="com.it.web.AutomationBasic.FirstAutomation">
        <test-method is-config="true" signature="Start()[pri:0, instance:com.it.web.AutomationBasic.FirstAutomation@53fb3dab]" started-at="2023-07-20T23:17:40 BDT" name="Start" finished-at="2023-07-20T23:17:42 BDT" duration-ms="1446" status="PASS">
          <reporter-output>
          </reporter-output>
        </test-method> <!-- Start -->
        <test-method signature="FirstTest()[pri:0, instance:com.it.web.AutomationBasic.FirstAutomation@53fb3dab]" started-at="2023-07-20T23:17:42 BDT" name="FirstTest" finished-at="2023-07-20T23:18:03 BDT" duration-ms="20853" status="PASS">
          <reporter-output>
          </reporter-output>
        </test-method> <!-- FirstTest -->
        <test-method is-config="true" signature="close()[pri:0, instance:com.it.web.AutomationBasic.FirstAutomation@53fb3dab]" started-at="2023-07-20T23:18:03 BDT" name="close" finished-at="2023-07-20T23:18:03 BDT" duration-ms="72" status="PASS">
          <reporter-output>
          </reporter-output>
        </test-method> <!-- close -->
      </class> <!-- com.it.web.AutomationBasic.FirstAutomation -->
    </test> <!-- Default test -->
  </suite> <!-- Default suite -->
</testng-results>
